<?xml version="1.0" encoding="UTF-8"?>
<!-- Generated by org.testng.reporters.JUnitXMLReporter -->
<testsuite ignored="0" hostname="MacBOOok.local" failures="0" tests="4" name="Surefire test" time="2.044" errors="0" timestamp="2023-05-22T19:03:01 PDT">
  <testcase classname="hackoverload.v1.testcases.SplashPageTests" name="testJoinButton" time="0.298"/>
  <testcase classname="hackoverload.v1.testcases.SplashPageTests" name="testLoginButton" time="0.066"/>
  <testcase classname="hackoverload.v1.testcases.SplashPageTests" name="testSecondJoinButton" time="0.081"/>
  <testcase classname="hackoverload.v1.testcases.LoginPageTests" name="testDemoLogin" time="0.352"/>
</testsuite> <!-- Surefire test -->
