<?xml version="1.0" encoding="UTF-8"?>
<!-- Generated by org.testng.reporters.JUnitXMLReporter -->
<testsuite ignored="0" hostname="MacBOOok.local" failures="0" tests="1" name="Surefire test" time="0.15" errors="0" timestamp="2023-05-02T16:52:29 PDT">
  <testcase classname="hackoverload.v1.testcases.SplashPageTests" name="@BeforeTest setup" time="0.115">
    <failure type="java.lang.IllegalStateException" message="It must be an executable file: /Users/wwhynot/Documents/Selenium-projects/Hack Overload Tests/v1/drivers/chromedriver">
      <![CDATA[java.lang.IllegalStateException: It must be an executable file: /Users/wwhynot/Documents/Selenium-projects/Hack Overload Tests/v1/drivers/chromedriver
at org.openqa.selenium.internal.Require.stateCondition(Require.java:172)
at org.openqa.selenium.remote.service.DriverFinder.getPath(DriverFinder.java:40)
at org.openqa.selenium.chrome.ChromeDriver.generateExecutor(ChromeDriver.java:98)
at org.openqa.selenium.chrome.ChromeDriver.<init>(ChromeDriver.java:88)
at org.openqa.selenium.chrome.ChromeDriver.<init>(ChromeDriver.java:84)
at org.openqa.selenium.chrome.ChromeDriver.<init>(ChromeDriver.java:52)
at util.BrowserManager.getDriver(BrowserManager.java:13)
at hackoverload.v1.testcases.SplashPageTests.setup(SplashPageTests.java:17)
... Removed 27 stack frames]]>
    </failure>
  </testcase> <!-- @BeforeTest setup -->
  <testcase classname="hackoverload.v1.testcases.SplashPageTests" name="test_join" time="0.0">
    <skipped/>
  </testcase> <!-- test_join -->
</testsuite> <!-- Surefire test -->
