-------------------------------------------------------------------------------
Test set: TestSuite
-------------------------------------------------------------------------------
Tests run: 4, Failures: 1, Errors: 0, Skipped: 0, Time elapsed: 11.385 s <<< FAILURE! - in TestSuite
testDemoLogin(hackoverload.v1.testcases.LoginPageTests)  Time elapsed: 0.1 s  <<< FAILURE!
org.junit.ComparisonFailure: expected:<...e-pk3b.onrender.com/[login]> but was:<...e-pk3b.onrender.com/[questions?page=1]>
	at hackoverload.v1.testcases.LoginPageTests.testDemoLogin(LoginPageTests.java:37)

