-------------------------------------------------------------------------------
Test set: TestSuite
-------------------------------------------------------------------------------
Tests run: 11, Failures: 1, Errors: 0, Skipped: 7, Time elapsed: 17.273 s <<< FAILURE! - in TestSuite
beforeEach(hackoverload.v1.testcases.LoginPageTests)  Time elapsed: 5.644 s  <<< FAILURE!
org.openqa.selenium.NoSuchElementException: 
no such element: Unable to locate element: {"method":"css selector","selector":"#log\-out\-button"}
  (Session info: chrome=114.0.5735.106)
For documentation on this error, please visit: https://selenium.dev/exceptions/#no_such_element
Build info: version: '4.9.0', revision: 'd7057100a6'
System info: os.name: 'Mac OS X', os.arch: 'x86_64', os.version: '12.6', java.version: '19.0.2'
Driver info: org.openqa.selenium.chrome.ChromeDriver
Command: [cf48187e71dc1cfc246a8d5083ede4f3, findElement {using=id, value=log-out-button}]
Capabilities {acceptInsecureCerts: false, browserName: chrome, browserVersion: 114.0.5735.106, chrome: {chromedriverVersion: 114.0.5735.90 (386bc09e8f4f..., userDataDir: /var/folders/bn/dv0w82nd6t1...}, goog:chromeOptions: {debuggerAddress: localhost:50553}, networkConnectionEnabled: false, pageLoadStrategy: normal, platformName: MAC, proxy: Proxy(), se:cdp: ws://localhost:50553/devtoo..., se:cdpVersion: 114.0.5735.106, setWindowRect: true, strictFileInteractability: false, timeouts: {implicit: 0, pageLoad: 300000, script: 30000}, unhandledPromptBehavior: dismiss and notify, webauthn:extension:credBlob: true, webauthn:extension:largeBlob: true, webauthn:extension:minPinLength: true, webauthn:extension:prf: true, webauthn:virtualAuthenticators: true}
Session ID: cf48187e71dc1cfc246a8d5083ede4f3
	at hackoverload.v1.testcases.LoginPageTests.beforeEach(LoginPageTests.java:35)

