<?xml version="1.0" encoding="UTF-8"?>
<testng-results ignored="0" total="4" passed="4" failed="0" skipped="0">
  <reporter-output>
  </reporter-output>
  <suite started-at="2023-05-22T18:56:22 PDT" name="Surefire suite" finished-at="2023-05-22T18:56:24 PDT" duration-ms="2078">
    <groups>
    </groups>
    <test started-at="2023-05-22T18:56:22 PDT" name="Surefire test" finished-at="2023-05-22T18:56:24 PDT" duration-ms="2078">
      <class name="hackoverload.v1.testcases.LoginPageTests">
        <test-method is-config="true" signature="setup()[pri:0, instance:hackoverload.v1.testcases.LoginPageTests@551bdc27]" started-at="2023-05-22T18:56:17 PDT" name="setup" finished-at="2023-05-22T18:56:20 PDT" duration-ms="3710" status="PASS">
          <reporter-output>
          </reporter-output>
        </test-method> <!-- setup -->
        <test-method is-config="true" signature="beforeEach()[pri:0, instance:hackoverload.v1.testcases.LoginPageTests@551bdc27]" started-at="2023-05-22T18:56:24 PDT" name="beforeEach" finished-at="2023-05-22T18:56:24 PDT" duration-ms="413" status="PASS">
          <reporter-output>
          </reporter-output>
        </test-method> <!-- beforeEach -->
        <test-method signature="testDemoLogin()[pri:0, instance:hackoverload.v1.testcases.LoginPageTests@551bdc27]" started-at="2023-05-22T18:56:24 PDT" name="testDemoLogin" finished-at="2023-05-22T18:56:24 PDT" duration-ms="259" status="PASS">
          <reporter-output>
          </reporter-output>
        </test-method> <!-- testDemoLogin -->
        <test-method is-config="true" signature="cleanup()[pri:0, instance:hackoverload.v1.testcases.LoginPageTests@551bdc27]" started-at="2023-05-22T18:56:25 PDT" name="cleanup" finished-at="2023-05-22T18:56:25 PDT" duration-ms="123" status="PASS">
          <reporter-output>
          </reporter-output>
        </test-method> <!-- cleanup -->
      </class> <!-- hackoverload.v1.testcases.LoginPageTests -->
      <class name="hackoverload.v1.testcases.SplashPageTests">
        <test-method is-config="true" signature="setup()[pri:0, instance:hackoverload.v1.testcases.SplashPageTests@646be2c3]" started-at="2023-05-22T18:56:20 PDT" name="setup" finished-at="2023-05-22T18:56:22 PDT" duration-ms="1988" status="PASS">
          <reporter-output>
          </reporter-output>
        </test-method> <!-- setup -->
        <test-method is-config="true" signature="beforeEach()[pri:0, instance:hackoverload.v1.testcases.SplashPageTests@646be2c3]" started-at="2023-05-22T18:56:22 PDT" name="beforeEach" finished-at="2023-05-22T18:56:23 PDT" duration-ms="450" status="PASS">
          <reporter-output>
          </reporter-output>
        </test-method> <!-- beforeEach -->
        <test-method signature="testJoinButton()[pri:0, instance:hackoverload.v1.testcases.SplashPageTests@646be2c3]" started-at="2023-05-22T18:56:23 PDT" name="testJoinButton" finished-at="2023-05-22T18:56:23 PDT" duration-ms="349" status="PASS">
          <reporter-output>
          </reporter-output>
        </test-method> <!-- testJoinButton -->
        <test-method is-config="true" signature="beforeEach()[pri:0, instance:hackoverload.v1.testcases.SplashPageTests@646be2c3]" started-at="2023-05-22T18:56:23 PDT" name="beforeEach" finished-at="2023-05-22T18:56:23 PDT" duration-ms="188" status="PASS">
          <reporter-output>
          </reporter-output>
        </test-method> <!-- beforeEach -->
        <test-method signature="testLoginButton()[pri:0, instance:hackoverload.v1.testcases.SplashPageTests@646be2c3]" started-at="2023-05-22T18:56:23 PDT" name="testLoginButton" finished-at="2023-05-22T18:56:24 PDT" duration-ms="92" status="PASS">
          <reporter-output>
          </reporter-output>
        </test-method> <!-- testLoginButton -->
        <test-method is-config="true" signature="beforeEach()[pri:0, instance:hackoverload.v1.testcases.SplashPageTests@646be2c3]" started-at="2023-05-22T18:56:24 PDT" name="beforeEach" finished-at="2023-05-22T18:56:24 PDT" duration-ms="190" status="PASS">
          <reporter-output>
          </reporter-output>
        </test-method> <!-- beforeEach -->
        <test-method signature="testSecondJoinButton()[pri:0, instance:hackoverload.v1.testcases.SplashPageTests@646be2c3]" started-at="2023-05-22T18:56:24 PDT" name="testSecondJoinButton" finished-at="2023-05-22T18:56:24 PDT" duration-ms="93" status="PASS">
          <reporter-output>
          </reporter-output>
        </test-method> <!-- testSecondJoinButton -->
        <test-method is-config="true" signature="cleanup()[pri:0, instance:hackoverload.v1.testcases.SplashPageTests@646be2c3]" started-at="2023-05-22T18:56:25 PDT" name="cleanup" finished-at="2023-05-22T18:56:25 PDT" duration-ms="214" status="PASS">
          <reporter-output>
          </reporter-output>
        </test-method> <!-- cleanup -->
      </class> <!-- hackoverload.v1.testcases.SplashPageTests -->
    </test> <!-- Surefire test -->
  </suite> <!-- Surefire suite -->
</testng-results>
